2018_AndroidConnectivity/3_ble_beacon/00.BleSensorTag/app/build/outputs/logs/manifest-merger-debug-report.txt
-- Merging decision tree log ---
manifest
ADDED from src\main\AndroidManifest.xml:2:1-69:12
INJECTED from src\main\AndroidManifest.xml:2:1-69:12
INJECTED from src\main\AndroidManifest.xml:2:1-69:12
INJECTED from src\main\AndroidManifest.xml:2:1-69:12
MERGED from [com.android.support:support-v4:22.2.1] AndroidManifest.xml:17:1-24:12
INJECTED from src\main\AndroidManifest.xml:2:1-69:12
INJECTED from src\main\AndroidManifest.xml:2:1-69:12
INJECTED from src\main\AndroidManifest.xml:2:1-69:12
	package
		ADDED from src\main\AndroidManifest.xml:3:5-39
		INJECTED from src\main\AndroidManifest.xml
		INJECTED from src\main\AndroidManifest.xml
	android:versionName
		ADDED from src\main\AndroidManifest.xml:5:5-31
		INJECTED from src\main\AndroidManifest.xml
		INJECTED from src\main\AndroidManifest.xml
	xmlns:android
		ADDED from src\main\AndroidManifest.xml:2:11-69
	android:versionCode
		ADDED from src\main\AndroidManifest.xml:4:5-29
		INJECTED from src\main\AndroidManifest.xml
		INJECTED from src\main\AndroidManifest.xml
uses-permission#android.permission.BLUETOOTH
ADDED from src\main\AndroidManifest.xml:7:5-68
	android:name
		ADDED from src\main\AndroidManifest.xml:7:22-65
uses-permission#android.permission.BLUETOOTH_ADMIN
ADDED from src\main\AndroidManifest.xml:8:5-74
	android:name
		ADDED from src\main\AndroidManifest.xml:8:22-71
uses-feature#android.hardware.bluetooth_le
ADDED from src\main\AndroidManifest.xml:10:5-12:35
	android:required
		ADDED from src\main\AndroidManifest.xml:12:9-32
	android:name
		ADDED from src\main\AndroidManifest.xml:11:9-53
uses-sdk
ADDED from src\main\AndroidManifest.xml:14:5-16:41
INJECTED from src\main\AndroidManifest.xml:14:5-16:41
INJECTED from src\main\AndroidManifest.xml:14:5-16:41
MERGED from [com.android.support:support-v4:22.2.1] AndroidManifest.xml:20:5-43
MERGED from [com.android.support:support-v4:22.2.1] AndroidManifest.xml:20:5-43
INJECTED from src\main\AndroidManifest.xml:14:5-16:41
INJECTED from src\main\AndroidManifest.xml:14:5-16:41
	android:targetSdkVersion
		ADDED from src\main\AndroidManifest.xml:16:9-38
		INJECTED from src\main\AndroidManifest.xml
		INJECTED from src\main\AndroidManifest.xml
	android:minSdkVersion
		ADDED from src\main\AndroidManifest.xml:15:9-35
		INJECTED from src\main\AndroidManifest.xml
		INJECTED from src\main\AndroidManifest.xml
uses-feature#android.hardware.bluetooth.ble
ADDED from src\main\AndroidManifest.xml:17:5-19:35
	android:required
		ADDED from src\main\AndroidManifest.xml:19:9-32
	android:name
		ADDED from src\main\AndroidManifest.xml:18:9-54
application
ADDED from src\main\AndroidManifest.xml:24:5-66:19
MERGED from [com.android.support:support-v4:22.2.1] AndroidManifest.xml:22:5-20
MERGED from [com.android.support:support-v4:22.2.1] AndroidManifest.xml:22:5-20
	android:label
		ADDED from src\main\AndroidManifest.xml:27:9-41
	android:icon
		ADDED from src\main\AndroidManifest.xml:26:9-39
	android:allowBackup
		ADDED from src\main\AndroidManifest.xml:25:9-36
	android:theme
		ADDED from src\main\AndroidManifest.xml:28:9-56
service#ti.android.ble.common.BluetoothLeService
ADDED from src\main\AndroidManifest.xml:29:9-31:38
	android:enabled
		ADDED from src\main\AndroidManifest.xml:31:13-35
	android:name
		ADDED from src\main\AndroidManifest.xml:30:13-68
activity#ti.android.ble.sensortag.MainActivity
ADDED from src\main\AndroidManifest.xml:33:9-43:20
	android:screenOrientation
		ADDED from src\main\AndroidManifest.xml:36:13-49
	android:label
		ADDED from src\main\AndroidManifest.xml:35:13-45
	android:name
		ADDED from src\main\AndroidManifest.xml:34:13-40
intent-filter#android.intent.action.MAIN+android.intent.category.DEFAULT+android.intent.category.LAUNCHER
ADDED from src\main\AndroidManifest.xml:37:13-42:29
action#android.intent.action.MAIN
ADDED from src\main\AndroidManifest.xml:38:17-69
	android:name
		ADDED from src\main\AndroidManifest.xml:38:25-66
category#android.intent.category.DEFAULT
ADDED from src\main\AndroidManifest.xml:40:17-76
	android:name
		ADDED from src\main\AndroidManifest.xml:40:27-73
category#android.intent.category.LAUNCHER
ADDED from src\main\AndroidManifest.xml:41:17-77
	android:name
		ADDED from src\main\AndroidManifest.xml:41:27-74
activity#ti.android.ble.sensortag.DeviceActivity
ADDED from src\main\AndroidManifest.xml:44:9-47:52
	android:screenOrientation
		ADDED from src\main\AndroidManifest.xml:47:13-49
	android:parentActivityName
		ADDED from src\main\AndroidManifest.xml:46:13-54
	android:name
		ADDED from src\main\AndroidManifest.xml:45:13-42
activity#ti.android.ble.sensortag.ServiceActivity
ADDED from src\main\AndroidManifest.xml:48:9-51:52
	android:screenOrientation
		ADDED from src\main\AndroidManifest.xml:51:13-49
	android:parentActivityName
		ADDED from src\main\AndroidManifest.xml:50:13-56
	android:name
		ADDED from src\main\AndroidManifest.xml:49:13-43
activity#ti.android.ble.sensortag.FwUpdateActivity
ADDED from src\main\AndroidManifest.xml:52:9-55:52
	android:screenOrientation
		ADDED from src\main\AndroidManifest.xml:55:13-49
	android:parentActivityName
		ADDED from src\main\AndroidManifest.xml:54:13-56
	android:name
		ADDED from src\main\AndroidManifest.xml:53:13-44
activity#ti.android.ble.sensortag.FileActivity
ADDED from src\main\AndroidManifest.xml:56:9-59:52
	android:screenOrientation
		ADDED from src\main\AndroidManifest.xml:59:13-49
	android:parentActivityName
		ADDED from src\main\AndroidManifest.xml:58:13-58
	android:name
		ADDED from src\main\AndroidManifest.xml:57:13-40
activity#ti.android.ble.sensortag.PreferencesActivity
ADDED from src\main\AndroidManifest.xml:60:9-64:42
	android:screenOrientation
		ADDED from src\main\AndroidManifest.xml:63:13-49
	android:parentActivityName
		ADDED from src\main\AndroidManifest.xml:62:13-56
	android:label
		ADDED from src\main\AndroidManifest.xml:64:13-40
	android:name
		ADDED from src\main\AndroidManifest.xml:61:13-47